.tmp_run_repo/fitness-rep-counter-gradle/app/outputs/logs/manifest-merger-debug-report.txt
-- Merging decision tree log ---
manifest
ADDED from src\main\AndroidManifest.xml:2:1-33:12
INJECTED from src\main\AndroidManifest.xml:2:1-33:12
INJECTED from src\main\AndroidManifest.xml:2:1-33:12
INJECTED from src\main\AndroidManifest.xml:2:1-33:12
MERGED from [androidx.wear.compose:compose-material-core:1.4.0] AndroidManifest.xml:2:1-7:12
MERGED from [androidx.wear.compose:compose-navigation:1.4.0] AndroidManifest.xml:2:1-7:12
MERGED from [androidx.wear.compose:compose-material:1.4.0] AndroidManifest.xml:2:1-7:12
MERGED from [androidx.wear.compose:compose-foundation:1.4.0] AndroidManifest.xml:17:1-28:12
MERGED from [com.android.billingclient:billing:8.3.0] AndroidManifest.xml:2:1-38:12
MERGED from [com.google.android.gms:play-services-location:19.0.0] AndroidManifest.xml:2:1-9:12
MERGED from [com.google.android.gms:play-services-base:18.5.0] AndroidManifest.xml:2:1-7:12
MERGED from [com.google.android.gms:play-services-tasks:18.2.0] AndroidManifest.xml:2:1-5:12
MERGED from [com.google.android.gms:play-services-places-placereport:17.0.0] AndroidManifest.xml:17:1-24:12
MERGED from [com.google.android.gms:play-services-basement:18.9.0] AndroidManifest.xml:16:1-26:12
MERGED from [androidx.navigation:navigation-common-ktx:2.6.0] AndroidManifest.xml:17:1-22:12
MERGED from [androidx.navigation:navigation-runtime-ktx:2.6.0] AndroidManifest.xml:17:1-22:12
MERGED from [androidx.navigation:navigation-runtime:2.6.0] AndroidManifest.xml:17:1-22:12
MERGED from [androidx.navigation:navigation-common:2.6.0] AndroidManifest.xml:17:1-22:12
MERGED from [androidx.navigation:navigation-compose:2.6.0] AndroidManifest.xml:17:1-22:12
MERGED from [androidx.compose.material:material-android:1.6.8] AndroidManifest.xml:2:1-7:12
MERGED from [androidx.compose.material:material-ripple-android:1.7.0] AndroidManifest.xml:2:1-7:12
MERGED from [androidx.compose.foundation:foundation-layout-android:1.7.0] AndroidManifest.xml:2:1-7:12
MERGED from [androidx.compose.foundation:foundation-android:1.7.0] AndroidManifest.xml:2:1-7:12
MERGED from [androidx.compose.animation:animation-core-android:1.7.0] AndroidManifest.xml:2:1-7:12
MERGED from [androidx.compose.animation:animation-android:1.7.0] AndroidManifest.xml:2:1-7:12
MERGED from [androidx.compose.material:material-icons-core-android:1.7.0] AndroidManifest.xml:2:1-7:12
MERGED from [androidx.compose.ui:ui-tooling-data-android:1.7.0] AndroidManifest.xml:2:1-7:12
MERGED from [androidx.compose.ui:ui-unit-android:1.7.0] AndroidManifest.xml:2:1-7:12
MERGED from [androidx.compose.ui:ui-graphics-android:1.7.0] AndroidManifest.xml:2:1-7:12
MERGED from [androidx.compose.ui:ui-geometry-android:1.7.0] AndroidManifest.xml:2:1-7:12
MERGED from [androidx.compose.ui:ui-tooling-preview-android:1.7.0] AndroidManifest.xml:17:1-22:12
MERGED from [androidx.compose.ui:ui-test-manifest:1.7.0] AndroidManifest.xml:17:1-28:12
MERGED from [androidx.compose.ui:ui-util-android:1.7.0] AndroidManifest.xml:2:1-7:12
MERGED from [androidx.compose.ui:ui-text-android:1.7.0] AndroidManifest.xml:2:1-7:12
MERGED from [androidx.fragment:fragment:1.1.0] AndroidManifest.xml:17:1-24:12
MERGED from [androidx.loader:loader:1.0.0] AndroidManifest.xml:17:1-22:12
MERGED from [androidx.emoji2:emoji2:1.3.0] AndroidManifest.xml:17:1-35:12
MERGED from [androidx.savedstate:savedstate-ktx:1.2.1] AndroidManifest.xml:17:1-22:12
MERGED from [androidx.savedstate:savedstate:1.2.1] AndroidManifest.xml:17:1-22:12
MERGED from [androidx.lifecycle:lifecycle-viewmodel:2.8.3] AndroidManifest.xml:2:1-5:12
MERGED from [androidx.lifecycle:lifecycle-viewmodel-android:2.8.3] AndroidManifest.xml:17:1-22:12
MERGED from [androidx.lifecycle:lifecycle-livedata-core-ktx:2.8.3] AndroidManifest.xml:2:1-7:12
MERGED from [androidx.lifecycle:lifecycle-runtime-ktx-android:2.8.3] AndroidManifest.xml:2:1-7:12
MERGED from [androidx.lifecycle:lifecycle-runtime-android:2.8.3] AndroidManifest.xml:17:1-22:12
MERGED from [androidx.lifecycle:lifecycle-viewmodel-savedstate:2.8.3] AndroidManifest.xml:17:1-22:12
MERGED from [androidx.lifecycle:lifecycle-viewmodel-ktx:2.8.3] AndroidManifest.xml:2:1-7:12
MERGED from [androidx.lifecycle:lifecycle-process:2.8.3] AndroidManifest.xml:17:1-35:12
MERGED from [androidx.lifecycle:lifecycle-livedata-core:2.8.3] AndroidManifest.xml:17:1-22:12
MERGED from [androidx.lifecycle:lifecycle-livedata:2.8.3] AndroidManifest.xml:17:1-22:12
MERGED from [androidx.lifecycle:lifecycle-runtime-compose-android:2.8.3] AndroidManifest.xml:2:1-7:12
MERGED from [androidx.lifecycle:lifecycle-viewmodel-compose-android:2.8.3] AndroidManifest.xml:2:1-7:12
MERGED from [androidx.compose.ui:ui-android:1.7.0] AndroidManifest.xml:2:1-7:12
MERGED from [androidx.compose.ui:ui-tooling-android:1.7.0] AndroidManifest.xml:17:1-28:12
MERGED from [androidx.activity:activity-compose:1.9.0] AndroidManifest.xml:2:1-7:12
MERGED from [androidx.activity:activity-ktx:1.9.0] AndroidManifest.xml:2:1-7:12
MERGED from [androidx.activity:activity:1.9.0] AndroidManifest.xml:17:1-22:12
MERGED from [androidx.autofill:autofill:1.0.0] AndroidManifest.xml:17:1-24:12
MERGED from [androidx.viewpager:viewpager:1.0.0] AndroidManifest.xml:17:1-22:12
MERGED from [androidx.customview:customview:1.0.0] AndroidManifest.xml:17:1-22:12
MERGED from [androidx.graphics:graphics-path:1.0.1] AndroidManifest.xml:2:1-7:12
MERGED from [androidx.core:core:1.13.1] AndroidManifest.xml:17:1-30:12
MERGED from [androidx.customview:customview-poolingcontainer:1.0.0] AndroidManifest.xml:17:1-23:12
MERGED from [androidx.core:core-ktx:1.13.1] AndroidManifest.xml:2:1-7:12
MERGED from [androidx.room:room-runtime:2.6.1] AndroidManifest.xml:17:1-31:12
MERGED from [androidx.room:room-ktx:2.6.1] AndroidManifest.xml:17:1-22:12
MERGED from [androidx.datastore:datastore-core-android:1.1.1] AndroidManifest.xml:2:1-7:12
MERGED from [androidx.datastore:datastore-android:1.1.1] AndroidManifest.xml:17:1-22:12
MERGED from [androidx.datastore:datastore-preferences-android:1.1.1] AndroidManifest.xml:17:1-22:12
MERGED from [androidx.compose.runtime:runtime-saveable-android:1.7.0] AndroidManifest.xml:2:1-7:12
MERGED from [androidx.compose.runtime:runtime-android:1.7.0] AndroidManifest.xml:2:1-7:12
MERGED from [androidx.sqlite:sqlite-framework:2.4.0] AndroidManifest.xml:17:1-22:12
MERGED from [androidx.sqlite:sqlite:2.4.0] AndroidManifest.xml:17:1-22:12
MERGED from [androidx.annotation:annotation-experimental:1.4.0] AndroidManifest.xml:2:1-7:12
MERGED from [androidx.profileinstaller:profileinstaller:1.3.1] AndroidManifest.xml:17:1-55:12
MERGED from [androidx.arch.core:core-runtime:2.2.0] AndroidManifest.xml:17:1-22:12
MERGED from [com.google.android.datatransport:transport-backend-cct:3.1.8] AndroidManifest.xml:15:1-37:12
MERGED from [com.google.android.datatransport:transport-runtime:3.1.8] AndroidManifest.xml:15:1-41:12
MERGED from [com.google.android.datatransport:transport-api:3.0.0] AndroidManifest.xml:15:1-22:12
MERGED from [androidx.interpolator:interpolator:1.0.0] AndroidManifest.xml:17:1-22:12
MERGED from [androidx.versionedparcelable:versionedparcelable:1.1.1] AndroidManifest.xml:17:1-27:12
MERGED from [androidx.startup:startup-runtime:1.1.1] AndroidManifest.xml:17:1-33:12
MERGED from [com.google.firebase:firebase-encoders-json:18.0.0] AndroidManifest.xml:15:1-23:12
MERGED from [androidx.tracing:tracing:1.0.0] AndroidManifest.xml:17:1-24:12
	package
		INJECTED from src\main\AndroidManifest.xml
	android:versionName
		INJECTED from src\main\AndroidManifest.xml
	android:versionCode
		INJECTED from src\main\AndroidManifest.xml
	xmlns:android
		ADDED from src\main\AndroidManifest.xml:2:11-69
uses-feature#android.hardware.type.watch
ADDED from src\main\AndroidManifest.xml:4:5-64
	android:name
		ADDED from src\main\AndroidManifest.xml:4:19-61
uses-feature#android.hardware.sensor.accelerometer
ADDED from src\main\AndroidManifest.xml:5:5-74
	android:name
		ADDED from src\main\AndroidManifest.xml:5:19-71
uses-feature#android.hardware.sensor.gyroscope
ADDED from src\main\AndroidManifest.xml:6:5-70
	android:name
		ADDED from src\main\AndroidManifest.xml:6:19-67
uses-permission#android.permission.VIBRATE
ADDED from src\main\AndroidManifest.xml:8:5-66
	android:name
		ADDED from src\main\AndroidManifest.xml:8:22-63
application
ADDED from src\main\AndroidManifest.xml:10:5-31:19
INJECTED from src\main\AndroidManifest.xml:10:5-31:19
MERGED from [androidx.wear.compose:compose-foundation:1.4.0] AndroidManifest.xml:22:5-26:19
MERGED from [androidx.wear.compose:compose-foundation:1.4.0] AndroidManifest.xml:22:5-26:19
MERGED from [com.android.billingclient:billing:8.3.0] AndroidManifest.xml:21:5-36:19
MERGED from [com.android.billingclient:billing:8.3.0] AndroidManifest.xml:21:5-36:19
MERGED from [com.google.android.gms:play-services-location:19.0.0] AndroidManifest.xml:7:5-20
MERGED from [com.google.android.gms:play-services-location:19.0.0] AndroidManifest.xml:7:5-20
MERGED from [com.google.android.gms:play-services-base:18.5.0] AndroidManifest.xml:4:5-6:19
MERGED from [com.google.android.gms:play-services-base:18.5.0] AndroidManifest.xml:4:5-6:19
MERGED from [com.google.android.gms:play-services-tasks:18.2.0] AndroidManifest.xml:4:5-20
MERGED from [com.google.android.gms:play-services-tasks:18.2.0] AndroidManifest.xml:4:5-20
MERGED from [com.google.android.gms:play-services-places-placereport:17.0.0] AndroidManifest.xml:22:5-20
MERGED from [com.google.android.gms:play-services-places-placereport:17.0.0] AndroidManifest.xml:22:5-20
MERGED from [com.google.android.gms:play-services-basement:18.9.0] AndroidManifest.xml:20:5-24:19
MERGED from [com.google.android.gms:play-services-basement:18.9.0] AndroidManifest.xml:20:5-24:19
MERGED from [androidx.compose.ui:ui-test-manifest:1.7.0] AndroidManifest.xml:22:5-26:19
MERGED from [androidx.compose.ui:ui-test-manifest:1.7.0] AndroidManifest.xml:22:5-26:19
MERGED from [androidx.emoji2:emoji2:1.3.0] AndroidManifest.xml:23:5-33:19
MERGED from [androidx.emoji2:emoji2:1.3.0] AndroidManifest.xml:23:5-33:19
MERGED from [androidx.lifecycle:lifecycle-process:2.8.3] AndroidManifest.xml:23:5-33:19
MERGED from [androidx.lifecycle:lifecycle-process:2.8.3] AndroidManifest.xml:23:5-33:19
MERGED from [androidx.compose.ui:ui-tooling-android:1.7.0] AndroidManifest.xml:22:5-26:19
MERGED from [androidx.compose.ui:ui-tooling-android:1.7.0] AndroidManifest.xml:22:5-26:19
MERGED from [androidx.core:core:1.13.1] AndroidManifest.xml:28:5-89
MERGED from [androidx.core:core:1.13.1] AndroidManifest.xml:28:5-89
MERGED from [androidx.room:room-runtime:2.6.1] AndroidManifest.xml:23:5-29:19
MERGED from [androidx.room:room-runtime:2.6.1] AndroidManifest.xml:23:5-29:19
MERGED from [androidx.profileinstaller:profileinstaller:1.3.1] AndroidManifest.xml:23:5-53:19
MERGED from [androidx.profileinstaller:profileinstaller:1.3.1] AndroidManifest.xml:23:5-53:19
MERGED from [com.google.android.datatransport:transport-backend-cct:3.1.8] AndroidManifest.xml:27:5-35:19
MERGED from [com.google.android.datatransport:transport-backend-cct:3.1.8] AndroidManifest.xml:27:5-35:19
MERGED from [com.google.android.datatransport:transport-runtime:3.1.8] AndroidManifest.xml:25:5-39:19
MERGED from [com.google.android.datatransport:transport-runtime:3.1.8] AndroidManifest.xml:25:5-39:19
MERGED from [androidx.versionedparcelable:versionedparcelable:1.1.1] AndroidManifest.xml:24:5-25:19
MERGED from [androidx.versionedparcelable:versionedparcelable:1.1.1] AndroidManifest.xml:24:5-25:19
MERGED from [androidx.startup:startup-runtime:1.1.1] AndroidManifest.xml:25:5-31:19
MERGED from [androidx.startup:startup-runtime:1.1.1] AndroidManifest.xml:25:5-31:19
	android:extractNativeLibs
		INJECTED from src\main\AndroidManifest.xml
	android:appComponentFactory
		ADDED from [androidx.core:core:1.13.1] AndroidManifest.xml:28:18-86
	android:supportsRtl
		ADDED from src\main\AndroidManifest.xml:16:9-35
	android:label
		ADDED from src\main\AndroidManifest.xml:14:9-41
	android:roundIcon
		ADDED from src\main\AndroidManifest.xml:15:9-54
	android:icon
		ADDED from src\main\AndroidManifest.xml:13:9-43
	android:allowBackup
		ADDED from src\main\AndroidManifest.xml:12:9-36
	android:theme
		ADDED from src\main\AndroidManifest.xml:17:9-59
	android:name
		ADDED from src\main\AndroidManifest.xml:11:9-53
meta-data#com.google.android.wearable.standalone
ADDED from src\main\AndroidManifest.xml:18:9-20:36
	android:value
		ADDED from src\main\AndroidManifest.xml:20:13-33
	android:name
		ADDED from src\main\AndroidManifest.xml:19:13-66
activity#com.fitnessrepcounter.wear.MainActivity
ADDED from src\main\AndroidManifest.xml:22:9-30:20
	android:exported
		ADDED from src\main\AndroidManifest.xml:24:13-36
	android:name
		ADDED from src\main\AndroidManifest.xml:23:13-41
intent-filter#action:name:android.intent.action.MAIN+category:name:android.intent.category.LAUNCHER
ADDED from src\main\AndroidManifest.xml:25:13-29:29
action#android.intent.action.MAIN
ADDED from src\main\AndroidManifest.xml:26:17-69
	android:name
		ADDED from src\main\AndroidManifest.xml:26:25-66
category#android.intent.category.LAUNCHER
ADDED from src\main\AndroidManifest.xml:28:17-77
	android:name
		ADDED from src\main\AndroidManifest.xml:28:27-74
uses-sdk
INJECTED from src\main\AndroidManifest.xml reason: use-sdk injection requested
INJECTED from src\main\AndroidManifest.xml
INJECTED from src\main\AndroidManifest.xml
MERGED from [androidx.wear.compose:compose-material-core:1.4.0] AndroidManifest.xml:5:5-44
MERGED from [androidx.wear.compose:compose-material-core:1.4.0] AndroidManifest.xml:5:5-44
MERGED from [androidx.wear.compose:compose-navigation:1.4.0] AndroidManifest.xml:5:5-44
MERGED from [androidx.wear.compose:compose-navigation:1.4.0] AndroidManifest.xml:5:5-44
MERGED from [androidx.wear.compose:compose-material:1.4.0] AndroidManifest.xml:5:5-44
MERGED from [androidx.wear.compose:compose-material:1.4.0] AndroidManifest.xml:5:5-44
MERGED from [androidx.wear.compose:compose-foundation:1.4.0] AndroidManifest.xml:20:5-44
MERGED from [androidx.wear.compose:compose-foundation:1.4.0] AndroidManifest.xml:20:5-44
MERGED from [com.android.billingclient:billing:8.3.0] AndroidManifest.xml:6:5-8:41
MERGED from [com.android.billingclient:billing:8.3.0] AndroidManifest.xml:6:5-8:41
MERGED from [com.google.android.gms:play-services-location:19.0.0] AndroidManifest.xml:5:5-44
MERGED from [com.google.android.gms:play-services-location:19.0.0] AndroidManifest.xml:5:5-44
MERGED from [com.google.android.gms:play-services-base:18.5.0] AndroidManifest.xml:3:5-44
MERGED from [com.google.android.gms:play-services-base:18.5.0] AndroidManifest.xml:3:5-44
MERGED from [com.google.android.gms:play-services-tasks:18.2.0] AndroidManifest.xml:3:5-44
MERGED from [com.google.android.gms:play-services-tasks:18.2.0] AndroidManifest.xml:3:5-44
MERGED from [com.google.android.gms:play-services-places-placereport:17.0.0] AndroidManifest.xml:20:5-44
MERGED from [com.google.android.gms:play-services-places-placereport:17.0.0] AndroidManifest.xml:20:5-44
MERGED from [com.google.android.gms:play-services-basement:18.9.0] AndroidManifest.xml:18:5-43
MERGED from [com.google.android.gms:play-services-basement:18.9.0] AndroidManifest.xml:18:5-43
MERGED from [androidx.navigation:navigation-common-ktx:2.6.0] AndroidManifest.xml:20:5-44
MERGED from [androidx.navigation:navigation-common-ktx:2.6.0] AndroidManifest.xml:20:5-44
MERGED from [androidx.navigation:navigation-runtime-ktx:2.6.0] AndroidManifest.xml:20:5-44
MERGED from [androidx.navigation:navigation-runtime-ktx:2.6.0] AndroidManifest.xml:20:5-44
MERGED from [androidx.navigation:navigation-runtime:2.6.0] AndroidManifest.xml:20:5-44
MERGED from [androidx.navigation:navigation-runtime:2.6.0] AndroidManifest.xml:20:5-44
MERGED from [androidx.navigation:navigation-common:2.6.0] AndroidManifest.xml:20:5-44
MERGED from [androidx.navigation:navigation-common:2.6.0] AndroidManifest.xml:20:5-44
MERGED from [androidx.navigation:navigation-compose:2.6.0] AndroidManifest.xml:20:5-44
MERGED from [androidx.navigation:navigation-compose:2.6.0] AndroidManifest.xml:20:5-44
MERGED from [androidx.compose.material:material-android:1.6.8] AndroidManifest.xml:5:5-44
MERGED from [androidx.compose.material:material-android:1.6.8] AndroidManifest.xml:5:5-44
MERGED from [androidx.compose.material:material-ripple-android:1.7.0] AndroidManifest.xml:5:5-44
MERGED from [androidx.compose.material:material-ripple-android:1.7.0] AndroidManifest.xml:5:5-44
MERGED from [androidx.compose.foundation:foundation-layout-android:1.7.0] AndroidManifest.xml:5:5-44
MERGED from [androidx.compose.foundation:foundation-layout-android:1.7.0] AndroidManifest.xml:5:5-44
MERGED from [androidx.compose.foundation:foundation-android:1.7.0] AndroidManifest.xml:5:5-44
MERGED from [androidx.compose.foundation:foundation-android:1.7.0] AndroidManifest.xml:5:5-44
MERGED from [androidx.compose.animation:animation-core-android:1.7.0] AndroidManifest.xml:5:5-44
MERGED from [androidx.compose.animation:animation-core-android:1.7.0] AndroidManifest.xml:5:5-44
MERGED from [androidx.compose.animation:animation-android:1.7.0] AndroidManifest.xml:5:5-44
MERGED from [androidx.compose.animation:animation-android:1.7.0] AndroidManifest.xml:5:5-44
MERGED from [androidx.compose.material:material-icons-core-android:1.7.0] AndroidManifest.xml:5:5-44
MERGED from [androidx.compose.material:material-icons-core-android:1.7.0] AndroidManifest.xml:5:5-44
MERGED from [androidx.compose.ui:ui-tooling-data-android:1.7.0] AndroidManifest.xml:5:5-44
MERGED from [androidx.compose.ui:ui-tooling-data-android:1.7.0] AndroidManifest.xml:5:5-44
MERGED from [androidx.compose.ui:ui-unit-android:1.7.0] AndroidManifest.xml:5:5-44
MERGED from [androidx.compose.ui:ui-unit-android:1.7.0] AndroidManifest.xml:5:5-44
MERGED from [androidx.compose.ui:ui-graphics-android:1.7.0] AndroidManifest.xml:5:5-44
MERGED from [androidx.compose.ui:ui-graphics-android:1.7.0] AndroidManifest.xml:5:5-44
MERGED from [androidx.compose.ui:ui-geometry-android:1.7.0] AndroidManifest.xml:5:5-44
MERGED from [androidx.compose.ui:ui-geometry-android:1.7.0] AndroidManifest.xml:5:5-44
MERGED from [androidx.compose.ui:ui-tooling-preview-android:1.7.0] AndroidManifest.xml:20:5-44
MERGED from [androidx.compose.ui:ui-tooling-preview-android:1.7.0] AndroidManifest.xml:20:5-44
MERGED from [androidx.compose.ui:ui-test-manifest:1.7.0] AndroidManifest.xml:20:5-44
MERGED from [androidx.compose.ui:ui-test-manifest:1.7.0] AndroidManifest.xml:20:5-44
MERGED from [androidx.compose.ui:ui-util-android:1.7.0] AndroidManifest.xml:5:5-44
MERGED from [androidx.compose.ui:ui-util-android:1.7.0] AndroidManifest.xml:5:5-44
MERGED from [androidx.compose.ui:ui-text-android:1.7.0] AndroidManifest.xml:5:5-44
MERGED from [androidx.compose.ui:ui-text-android:1.7.0] AndroidManifest.xml:5:5-44
MERGED from [androidx.fragment:fragment:1.1.0] AndroidManifest.xml:20:5-22:41
MERGED from [androidx.fragment:fragment:1.1.0] AndroidManifest.xml:20:5-22:41
MERGED from [androidx.loader:loader:1.0.0] AndroidManifest.xml:20:5-44
MERGED from [androidx.loader:loader:1.0.0] AndroidManifest.xml:20:5-44
MERGED from [androidx.emoji2:emoji2:1.3.0] AndroidManifest.xml:21:5-44
MERGED from [androidx.emoji2:emoji2:1.3.0] AndroidManifest.xml:21:5-44
MERGED from [androidx.savedstate:savedstate-ktx:1.2.1] AndroidManifest.xml:20:5-44
MERGED from [androidx.savedstate:savedstate-ktx:1.2.1] AndroidManifest.xml:20:5-44
MERGED from [androidx.savedstate:savedstate:1.2.1] AndroidManifest.xml:20:5-44
MERGED from [androidx.savedstate:savedstate:1.2.1] AndroidManifest.xml:20:5-44
MERGED from [androidx.lifecycle:lifecycle-viewmodel:2.8.3] AndroidManifest.xml:4:5-43
MERGED from [androidx.lifecycle:lifecycle-viewmodel:2.8.3] AndroidManifest.xml:4:5-43
MERGED from [androidx.lifecycle:lifecycle-viewmodel-android:2.8.3] AndroidManifest.xml:20:5-44
MERGED from [androidx.lifecycle:lifecycle-viewmodel-android:2.8.3] AndroidManifest.xml:20:5-44
MERGED from [androidx.lifecycle:lifecycle-livedata-core-ktx:2.8.3] AndroidManifest.xml:5:5-44
MERGED from [androidx.lifecycle:lifecycle-livedata-core-ktx:2.8.3] AndroidManifest.xml:5:5-44
MERGED from [androidx.lifecycle:lifecycle-runtime-ktx-android:2.8.3] AndroidManifest.xml:5:5-44
MERGED from [androidx.lifecycle:lifecycle-runtime-ktx-android:2.8.3] AndroidManifest.xml:5:5-44
MERGED from [androidx.lifecycle:lifecycle-runtime-android:2.8.3] AndroidManifest.xml:20:5-44
MERGED from [androidx.lifecycle:lifecycle-runtime-android:2.8.3] AndroidManifest.xml:20:5-44
MERGED from [androidx.lifecycle:lifecycle-viewmodel-savedstate:2.8.3] AndroidManifest.xml:20:5-44
MERGED from [androidx.lifecycle:lifecycle-viewmodel-savedstate:2.8.3] AndroidManifest.xml:20:5-44
MERGED from [androidx.lifecycle:lifecycle-viewmodel-ktx:2.8.3] AndroidManifest.xml:5:5-44
MERGED from [androidx.lifecycle:lifecycle-viewmodel-ktx:2.8.3] AndroidManifest.xml:5:5-44
MERGED from [androidx.lifecycle:lifecycle-process:2.8.3] AndroidManifest.xml:21:5-44
MERGED from [androidx.lifecycle:lifecycle-process:2.8.3] AndroidManifest.xml:21:5-44
MERGED from [androidx.lifecycle:lifecycle-livedata-core:2.8.3] AndroidManifest.xml:20:5-44
MERGED from [androidx.lifecycle:lifecycle-livedata-core:2.8.3] AndroidManifest.xml:20:5-44
MERGED from [androidx.lifecycle:lifecycle-livedata:2.8.3] AndroidManifest.xml:20:5-44
MERGED from [androidx.lifecycle:lifecycle-livedata:2.8.3] AndroidManifest.xml:20:5-44
MERGED from [androidx.lifecycle:lifecycle-runtime-compose-android:2.8.3] AndroidManifest.xml:5:5-44
MERGED from [androidx.lifecycle:lifecycle-runtime-compose-android:2.8.3] AndroidManifest.xml:5:5-44
MERGED from [androidx.lifecycle:lifecycle-viewmodel-compose-android:2.8.3] AndroidManifest.xml:5:5-44
MERGED from [androidx.lifecycle:lifecycle-viewmodel-compose-android:2.8.3] AndroidManifest.xml:5:5-44
MERGED from [androidx.compose.ui:ui-android:1.7.0] AndroidManifest.xml:5:5-44
MERGED from [androidx.compose.ui:ui-android:1.7.0] AndroidManifest.xml:5:5-44
MERGED from [androidx.compose.ui:ui-tooling-android:1.7.0] AndroidManifest.xml:20:5-44
MERGED from [androidx.compose.ui:ui-tooling-android:1.7.0] AndroidManifest.xml:20:5-44
MERGED from [androidx.activity:activity-compose:1.9.0] AndroidManifest.xml:5:5-44
MERGED from [androidx.activity:activity-compose:1.9.0] AndroidManifest.xml:5:5-44
MERGED from [androidx.activity:activity-ktx:1.9.0] AndroidManifest.xml:5:5-44
MERGED from [androidx.activity:activity-ktx:1.9.0] AndroidManifest.xml:5:5-44
MERGED from [androidx.activity:activity:1.9.0] AndroidManifest.xml:20:5-44
MERGED from [androidx.activity:activity:1.9.0] AndroidManifest.xml:20:5-44
MERGED from [androidx.autofill:autofill:1.0.0] AndroidManifest.xml:20:5-22:41
MERGED from [androidx.autofill:autofill:1.0.0] AndroidManifest.xml:20:5-22:41
MERGED from [androidx.viewpager:viewpager:1.0.0] AndroidManifest.xml:20:5-44
MERGED from [androidx.viewpager:viewpager:1.0.0] AndroidManifest.xml:20:5-44
MERGED from [androidx.customview:customview:1.0.0] AndroidManifest.xml:20:5-44
MERGED from [androidx.customview:customview:1.0.0] AndroidManifest.xml:20:5-44
MERGED from [androidx.graphics:graphics-path:1.0.1] AndroidManifest.xml:5:5-44
MERGED from [androidx.graphics:graphics-path:1.0.1] AndroidManifest.xml:5:5-44
MERGED from [androidx.core:core:1.13.1] AndroidManifest.xml:20:5-44
MERGED from [androidx.core:core:1.13.1] AndroidManifest.xml:20:5-44
MERGED from [androidx.customview:customview-poolingcontainer:1.0.0] AndroidManifest.xml:20:5-21:38
MERGED from [androidx.customview:customview-poolingcontainer:1.0.0] AndroidManifest.xml:20:5-21:38
MERGED from [androidx.core:core-ktx:1.13.1] AndroidManifest.xml:5:5-44
MERGED from [androidx.core:core-ktx:1.13.1] AndroidManifest.xml:5:5-44
MERGED from [androidx.room:room-runtime:2.6.1] AndroidManifest.xml:21:5-44
MERGED from [androidx.room:room-runtime:2.6.1] AndroidManifest.xml:21:5-44
MERGED from [androidx.room:room-ktx:2.6.1] AndroidManifest.xml:20:5-44
MERGED from [androidx.room:room-ktx:2.6.1] AndroidManifest.xml:20:5-44
MERGED from [androidx.datastore:datastore-core-android:1.1.1] AndroidManifest.xml:5:5-44
MERGED from [androidx.datastore:datastore-core-android:1.1.1] AndroidManifest.xml:5:5-44
MERGED from [androidx.datastore:datastore-android:1.1.1] AndroidManifest.xml:20:5-44
MERGED from [androidx.datastore:datastore-android:1.1.1] AndroidManifest.xml:20:5-44
MERGED from [androidx.datastore:datastore-preferences-android:1.1.1] AndroidManifest.xml:20:5-44
MERGED from [androidx.datastore:datastore-preferences-android:1.1.1] AndroidManifest.xml:20:5-44
MERGED from [androidx.compose.runtime:runtime-saveable-android:1.7.0] AndroidManifest.xml:5:5-44
MERGED from [androidx.compose.runtime:runtime-saveable-android:1.7.0] AndroidManifest.xml:5:5-44
MERGED from [androidx.compose.runtime:runtime-android:1.7.0] AndroidManifest.xml:5:5-44
MERGED from [androidx.compose.runtime:runtime-android:1.7.0] AndroidManifest.xml:5:5-44
MERGED from [androidx.sqlite:sqlite-framework:2.4.0] AndroidManifest.xml:20:5-44
MERGED from [androidx.sqlite:sqlite-framework:2.4.0] AndroidManifest.xml:20:5-44
MERGED from [androidx.sqlite:sqlite:2.4.0] AndroidManifest.xml:20:5-44
MERGED from [androidx.sqlite:sqlite:2.4.0] AndroidManifest.xml:20:5-44
MERGED from [androidx.annotation:annotation-experimental:1.4.0] AndroidManifest.xml:5:5-44
MERGED from [androidx.annotation:annotation-experimental:1.4.0] AndroidManifest.xml:5:5-44
MERGED from [androidx.profileinstaller:profileinstaller:1.3.1] AndroidManifest.xml:21:5-44
MERGED from [androidx.profileinstaller:profileinstaller:1.3.1] AndroidManifest.xml:21:5-44
MERGED from [androidx.arch.core:core-runtime:2.2.0] AndroidManifest.xml:20:5-44
MERGED from [androidx.arch.core:core-runtime:2.2.0] AndroidManifest.xml:20:5-44
MERGED from [com.google.android.datatransport:transport-backend-cct:3.1.8] AndroidManifest.xml:18:5-20:41
MERGED from [com.google.android.datatransport:transport-backend-cct:3.1.8] AndroidManifest.xml:18:5-20:41
MERGED from [com.google.android.datatransport:transport-runtime:3.1.8] AndroidManifest.xml:18:5-20:41
MERGED from [com.google.android.datatransport:transport-runtime:3.1.8] AndroidManifest.xml:18:5-20:41
MERGED from [com.google.android.datatransport:transport-api:3.0.0] AndroidManifest.xml:18:5-20:41
MERGED from [com.google.android.datatransport:transport-api:3.0.0] AndroidManifest.xml:18:5-20:41
MERGED from [androidx.interpolator:interpolator:1.0.0] AndroidManifest.xml:20:5-44
MERGED from [androidx.interpolator:interpolator:1.0.0] AndroidManifest.xml:20:5-44
MERGED from [androidx.versionedparcelable:versionedparcelable:1.1.1] AndroidManifest.xml:20:5-22:41
MERGED from [androidx.versionedparcelable:versionedparcelable:1.1.1] AndroidManifest.xml:20:5-22:41
MERGED from [androidx.startup:startup-runtime:1.1.1] AndroidManifest.xml:21:5-23:41
MERGED from [androidx.startup:startup-runtime:1.1.1] AndroidManifest.xml:21:5-23:41
MERGED from [com.google.firebase:firebase-encoders-json:18.0.0] AndroidManifest.xml:19:5-21:41
MERGED from [com.google.firebase:firebase-encoders-json:18.0.0] AndroidManifest.xml:19:5-21:41
MERGED from [androidx.tracing:tracing:1.0.0] AndroidManifest.xml:20:5-22:41
MERGED from [androidx.tracing:tracing:1.0.0] AndroidManifest.xml:20:5-22:41
	android:targetSdkVersion
		INJECTED from src\main\AndroidManifest.xml
	android:minSdkVersion
		INJECTED from src\main\AndroidManifest.xml
uses-library#wear-sdk
ADDED from [androidx.wear.compose:compose-foundation:1.4.0] AndroidManifest.xml:23:9-25:40
	android:required
		ADDED from [androidx.wear.compose:compose-foundation:1.4.0] AndroidManifest.xml:25:13-37
	android:name
		ADDED from [androidx.wear.compose:compose-foundation:1.4.0] AndroidManifest.xml:24:13-36
uses-permission#com.android.vending.BILLING
ADDED from [com.android.billingclient:billing:8.3.0] AndroidManifest.xml:10:5-67
	android:name
		ADDED from [com.android.billingclient:billing:8.3.0] AndroidManifest.xml:10:22-64
queries
ADDED from [com.android.billingclient:billing:8.3.0] AndroidManifest.xml:12:5-19:15
intent#action:name:com.android.vending.billing.InAppBillingService.BIND
ADDED from [com.android.billingclient:billing:8.3.0] AndroidManifest.xml:13:9-15:18
action#com.android.vending.billing.InAppBillingService.BIND
ADDED from [com.android.billingclient:billing:8.3.0] AndroidManifest.xml:14:13-91
	android:name
		ADDED from [com.android.billingclient:billing:8.3.0] AndroidManifest.xml:14:21-88
intent#action:name:com.google.android.apps.play.billingtestcompanion.BillingOverrideService.BIND
ADDED from [com.android.billingclient:billing:8.3.0] AndroidManifest.xml:16:9-18:18
action#com.google.android.apps.play.billingtestcompanion.BillingOverrideService.BIND
ADDED from [com.android.billingclient:billing:8.3.0] AndroidManifest.xml:17:13-116
	android:name
		ADDED from [com.android.billingclient:billing:8.3.0] AndroidManifest.xml:17:21-113
meta-data#com.google.android.play.billingclient.version
ADDED from [com.android.billingclient:billing:8.3.0] AndroidManifest.xml:22:9-24:37
	android:value
		ADDED from [com.android.billingclient:billing:8.3.0] AndroidManifest.xml:24:13-34
	android:name
		ADDED from [com.android.billingclient:billing:8.3.0] AndroidManifest.xml:23:13-73
activity#com.android.billingclient.api.ProxyBillingActivity
ADDED from [com.android.billingclient:billing:8.3.0] AndroidManifest.xml:26:9-30:75
	android:exported
		ADDED from [com.android.billingclient:billing:8.3.0] AndroidManifest.xml:29:13-37
	android:configChanges
		ADDED from [com.android.billingclient:billing:8.3.0] AndroidManifest.xml:28:13-96
	android:theme
		ADDED from [com.android.billingclient:billing:8.3.0] AndroidManifest.xml:30:13-72
	android:name
		ADDED from [com.android.billingclient:billing:8.3.0] AndroidManifest.xml:27:13-78
activity#com.android.billingclient.api.ProxyBillingActivityV2
ADDED from [com.android.billingclient:billing:8.3.0] AndroidManifest.xml:31:9-35:75
	android:exported
		ADDED from [com.android.billingclient:billing:8.3.0] AndroidManifest.xml:34:13-37
	android:configChanges